[debug] [2023-12-23T16:12:09.436Z] ----------------------------------------------------------------------
[debug] [2023-12-23T16:12:09.437Z] Command:       /usr/local/bin/firebase /Users/hung.ta/.cache/firebase/tools/lib/node_modules/firebase-tools/lib/bin/firebase init
[debug] [2023-12-23T16:12:09.438Z] CLI Version:   12.4.7
[debug] [2023-12-23T16:12:09.438Z] Platform:      darwin
[debug] [2023-12-23T16:12:09.439Z] Node Version:  v16.16.0
[debug] [2023-12-23T16:12:09.440Z] Time:          Sat Dec 23 2023 23:12:09 GMT+0700 (Indochina Time)
[debug] [2023-12-23T16:12:09.441Z] ----------------------------------------------------------------------
[debug] 
[debug] [2023-12-23T16:12:09.452Z] > command requires scopes: ["email","openid","https://www.googleapis.com/auth/cloudplatformprojects.readonly","https://www.googleapis.com/auth/firebase","https://www.googleapis.com/auth/cloud-platform"]
[debug] [2023-12-23T16:12:09.454Z] > authorizing via signed-in user (hung.ta@stanyangroup.com)
[info] 
     ######## #### ########  ######## ########     ###     ######  ########
     ##        ##  ##     ## ##       ##     ##  ##   ##  ##       ##
     ######    ##  ########  ######   ########  #########  ######  ######
     ##        ##  ##    ##  ##       ##     ## ##     ##       ## ##
     ##       #### ##     ## ######## ########  ##     ##  ######  ########

You're about to initialize a Firebase project in this directory:

  /Users/hung.ta/Downloads/admin-fe

[info] 
=== Project Setup
[info] 
[info] First, let's associate this project directory with a Firebase project.
[info] You can create multiple project aliases by running firebase use --add, 
[info] but for now we'll just set up a default project.
[info] 
[info] i  If you want to create a project in a Google Cloud organization or folder, please use "firebase projects:create" instead, and return to this command when you've created the project. 
[debug] [2023-12-23T16:12:21.566Z] >>> [apiv2][query] POST https://cloudresourcemanager.googleapis.com/v1/projects [none]
[debug] [2023-12-23T16:12:21.571Z] >>> [apiv2][body] POST https://cloudresourcemanager.googleapis.com/v1/projects {"projectId":"case-study","name":"case-study"}
[debug] [2023-12-23T16:12:22.632Z] <<< [apiv2][status] POST https://cloudresourcemanager.googleapis.com/v1/projects 409
[debug] [2023-12-23T16:12:22.633Z] <<< [apiv2][body] POST https://cloudresourcemanager.googleapis.com/v1/projects {"error":{"code":409,"message":"Requested entity already exists","status":"ALREADY_EXISTS"}}
[debug] [2023-12-23T16:12:22.775Z] FirebaseError: HTTP Error: 409, Requested entity already exists
    at responseToError (/Users/hung.ta/.cache/firebase/tools/lib/node_modules/firebase-tools/lib/responseToError.js:49:12)
    at RetryOperation._fn (/Users/hung.ta/.cache/firebase/tools/lib/node_modules/firebase-tools/lib/apiv2.js:285:77)
    at processTicksAndRejections (node:internal/process/task_queues:96:5)
[error] 
[error] Error: Failed to create project because there is already a project with ID case-study. Please try again with a unique project ID.
